<?xml version="1.0" encoding="UTF-8"?>
<!-- Generated by org.testng.reporters.JUnitReportReporter -->
<testsuite skipped="0" hostname="AHB-LAP" name="com.testng.order.OrderOfExecutionUsingDependsOn" tests="5" failures="0" timestamp="21 Jan 2019 16:07:41 GMT" time="0.027" errors="0">
  <testcase name="logout" time="0.001" classname="com.testng.order.OrderOfExecutionUsingDependsOn"/>
  <testcase name="login" time="0.001" classname="com.testng.order.OrderOfExecutionUsingDependsOn"/>
  <testcase name="launch" time="0.022" classname="com.testng.order.OrderOfExecutionUsingDependsOn"/>
  <testcase name="testcase1" time="0.002" classname="com.testng.order.OrderOfExecutionUsingDependsOn"/>
  <testcase name="createCustomer" time="0.001" classname="com.testng.order.OrderOfExecutionUsingDependsOn"/>
</testsuite> <!-- com.testng.order.OrderOfExecutionUsingDependsOn -->
