<?xml version="1.0" encoding="UTF-8"?>
<!-- Generated by org.testng.reporters.JUnitReportReporter -->
<testsuite skipped="0" hostname="AHB-LAP" name="com.testng.TestNGDemo" tests="4" failures="0" timestamp="21 Jan 2019 16:33:42 GMT" time="0.015" errors="0">
  <testcase name="login" time="0.006" classname="com.testng.TestNGDemo"/>
  <testcase name="logout" time="0.002" classname="com.testng.TestNGDemo"/>
  <testcase name="launch" time="0.006" classname="com.testng.TestNGDemo"/>
  <testcase name="createCustomer" time="0.001" classname="com.testng.TestNGDemo"/>
</testsuite> <!-- com.testng.TestNGDemo -->
