<?xml version="1.0" encoding="UTF-8"?>
<!-- Generated by org.testng.reporters.JUnitReportReporter -->
<testsuite skipped="0" hostname="AHB-LAP" name="com.testng.AllAnnotations" tests="2" failures="0" timestamp="21 Jan 2019 16:43:45 GMT" time="0.010" errors="0">
  <testcase name="testcase1" time="0.007" classname="com.testng.AllAnnotations"/>
  <testcase name="testcase2" time="0.003" classname="com.testng.AllAnnotations"/>
</testsuite> <!-- com.testng.AllAnnotations -->
