<?xml version="1.0" encoding="UTF-8"?>
<!-- Generated by org.testng.reporters.JUnitReportReporter -->
<testsuite skipped="0" hostname="AHB-LAP" name="com.testng.DataProviderDemo" tests="8" failures="0" timestamp="21 Jan 2019 16:55:51 GMT" time="0.036" errors="0">
  <testcase name="testCase1" time="0.004" classname="com.testng.DataProviderDemo"/>
  <testcase name="testCase1" time="0.001" classname="com.testng.DataProviderDemo"/>
  <testcase name="testCase1" time="0.002" classname="com.testng.DataProviderDemo"/>
  <testcase name="createCustomerTest" time="0.019" classname="com.testng.DataProviderDemo"/>
  <testcase name="testCase1" time="0.001" classname="com.testng.DataProviderDemo"/>
  <testcase name="createCustomerTest" time="0.003" classname="com.testng.DataProviderDemo"/>
  <testcase name="createCustomerTest" time="0.001" classname="com.testng.DataProviderDemo"/>
  <testcase name="createCustomerTest" time="0.005" classname="com.testng.DataProviderDemo"/>
</testsuite> <!-- com.testng.DataProviderDemo -->
