<?xml version="1.0" encoding="UTF-8"?>
<!-- Generated by org.testng.reporters.JUnitReportReporter -->
<testsuite skipped="0" hostname="AHB-LAP" name="com.testng.group.Bikes" tests="2" failures="0" timestamp="21 Jan 2019 17:09:38 GMT" time="0.036" errors="0">
  <testcase name="FZ" time="0.034" classname="com.testng.group.Bikes"/>
  <testcase name="R15" time="0.002" classname="com.testng.group.Bikes"/>
</testsuite> <!-- com.testng.group.Bikes -->
