<?xml version="1.0" encoding="UTF-8"?>
<!-- Generated by org.testng.reporters.JUnitReportReporter -->
<testsuite skipped="0" hostname="AHB-LAP" name="com.testng.HelloTestNG" tests="1" failures="0" timestamp="21 Jan 2019 15:50:37 GMT" time="0.028" errors="0">
  <testcase name="helloWorldTestNG" time="0.028" classname="com.testng.HelloTestNG"/>
</testsuite> <!-- com.testng.HelloTestNG -->
