<?xml version="1.0" encoding="UTF-8"?>
<!-- Generated by org.testng.reporters.JUnitReportReporter -->
<testsuite skipped="0" hostname="AHB-LAP" name="com.testng.order.OrderOfExecution" tests="4" failures="0" timestamp="21 Jan 2019 16:01:27 GMT" time="0.025" errors="0">
  <testcase name="launch" time="0.016" classname="com.testng.order.OrderOfExecution"/>
  <testcase name="login" time="0.002" classname="com.testng.order.OrderOfExecution"/>
  <testcase name="createCustomer" time="0.002" classname="com.testng.order.OrderOfExecution"/>
  <testcase name="logout" time="0.005" classname="com.testng.order.OrderOfExecution"/>
</testsuite> <!-- com.testng.order.OrderOfExecution -->
