<?xml version="1.0" encoding="UTF-8"?>
<!-- Generated by org.testng.reporters.JUnitReportReporter -->
<testsuite skipped="0" hostname="AHB-LAP" name="com.testng.group.Cars" tests="4" failures="0" timestamp="21 Jan 2019 17:09:38 GMT" time="0.006" errors="0">
  <testcase name="hondaCity" time="0.001" classname="com.testng.group.Cars"/>
  <testcase name="hondacivic" time="0.002" classname="com.testng.group.Cars"/>
  <testcase name="xuv300" time="0.001" classname="com.testng.group.Cars"/>
  <testcase name="xuv500" time="0.002" classname="com.testng.group.Cars"/>
</testsuite> <!-- com.testng.group.Cars -->
